\BOOKMARK [1][-]{section.1}{\376\377\151\202\217\360}{}% 1
\BOOKMARK [2][-]{subsection.1.1}{\376\377\122\115\147\037\121\306\131\007}{section.1}% 2
\BOOKMARK [3][-]{subsubsection.1.1.1}{\376\377\133\374\121\145\142\100\147\011\227\000\211\201\166\204\000P\000y\000t\000h\000o\000n\136\223}{subsection.1.1}% 3
\BOOKMARK [3][-]{subsubsection.1.1.2}{\376\377\150\300\147\345\117\235\215\126\136\223\166\204\162\110\147\054\117\341\140\157}{subsection.1.1}% 4
\BOOKMARK [3][-]{subsubsection.1.1.3}{\376\377\121\150\134\100\133\232\116\111\123\073\133\146\000`\000`\120\134\165\050\213\315\000'\000'}{subsection.1.1}% 5
\BOOKMARK [2][-]{subsection.1.2}{\376\377\213\373\123\326\145\160\143\156\145\207\116\366\377\014\136\166\116\024\147\345\167\013\145\160\143\156\127\372\147\054\117\341\140\157}{section.1}% 6
\BOOKMARK [2][-]{subsection.1.3}{\376\377\173\054\116\000\153\145\377\032\145\160\143\156\000`\000`\166\046\216\253\000'\000'\377\014\117\356\145\071\145\160\143\156\176\323\147\204\377\014\122\040\123\273\116\015\227\000\211\201\166\204\122\027}{section.1}% 7
\BOOKMARK [2][-]{subsection.1.4}{\376\377\173\054\116\214\153\145\377\032\131\004\164\006\177\072\131\061\120\074\124\214\221\315\131\015\230\171}{section.1}% 8
\BOOKMARK [2][-]{subsection.1.5}{\376\377\173\054\116\011\153\145\377\032\211\304\203\003\123\026\116\016\211\343\147\220\117\134\200\005\117\341\140\157}{section.1}% 9
\BOOKMARK [2][-]{subsection.1.6}{\376\377\173\054\126\333\153\145\377\032\122\035\153\145\122\006\147\220\000-\176\337\213\241\232\330\116\247\117\134\200\005}{section.1}% 10
\BOOKMARK [2][-]{subsection.1.7}{\376\377\173\054\116\224\153\145\377\032\122\006\147\220\170\024\172\166\160\355\160\271\000-\211\343\147\220\121\163\225\056\213\315}{section.1}% 11
\BOOKMARK [3][-]{subsubsection.1.7.1}{\376\377\160\355\160\271\122\006\147\220\0001\000.\0000\162\110\147\054}{subsection.1.7}% 12
\BOOKMARK [3][-]{subsubsection.1.7.2}{\376\377\160\355\160\271\122\006\147\220\0002\000.\0000\162\110\147\054}{subsection.1.7}% 13
\BOOKMARK [2][-]{subsection.1.8}{\376\377\173\054\121\155\153\145\377\032\145\366\225\364\176\364\136\246\122\006\147\220\000\040\000-\000\040\143\355\171\072\230\206\127\337\123\321\134\125\215\213\122\277}{section.1}% 14
\BOOKMARK [2][-]{subsection.1.9}{\376\377\173\054\116\003\153\145\377\032\177\121\176\334\122\006\147\220\000\040\000-\000\040\176\330\122\066\117\134\200\005\124\010\117\134\121\163\174\373\177\121\176\334}{section.1}% 15
\BOOKMARK [3][-]{subsubsection.1.9.1}{\376\377\0001\000.\0000\162\110\147\054}{subsection.1.9}% 16
\BOOKMARK [3][-]{subsubsection.1.9.2}{\376\377\0002\000.\0000\162\110\147\054}{subsection.1.9}% 17
\BOOKMARK [2][-]{subsection.1.10}{\376\377\176\310\147\201\173\307\172\340\377\032\121\163\225\056\213\315\121\161\163\260\177\121\176\334\000\040\000-\000\040\176\330\122\066\117\140\142\100\127\050\230\206\127\337\166\204\167\345\213\306\126\376\214\061}{section.1}% 18
\BOOKMARK [2][-]{subsection.1.11}{\376\377\133\374\121\372\000V\000O\000S\000v\000i\000e\000w\000e\000r\123\357\165\050\166\204\150\074\137\017}{section.1}% 19
\BOOKMARK [2][-]{subsection.1.12}{\376\377\116\013\116\000\153\145}{section.1}% 20
